
----------------------------------------------------------------------day 1
1. -dict-
addict
['ædɪkt] n. 入迷的人,有瘾的人vt. 使沉溺,使上瘾
[记]   ad-（一再）+ -dict-（说）→一再说起→ 对……入迷
[考]:
basketball addict 篮球迷
work addict 工作狂
be addicted to 对……上瘾

2. -dict-
dictionary
['dɪkʃənri] n. 字典,词典,辞书
[记]   diction（措辞）+ -ary（名词后缀,表人、场所、物）→含有措辞的物→辞书,字典,词典
[例]   She has mastered a foreign language by aid of a grammar and dictionary. 她借助语法书和词典掌握了一门外语。

3.communicate
[kə'mjuːnɪkeɪt] v.① 交流,沟通 ② 传达,传递 ③ 传染,传播
[例]   The engineer in particular must be able to communicate his ideas to others rapidly and accurately. 尤其工程师必须能够将自己的想法快速准确地传达给别人。

4.communication
[kə mjuːnɪ'keɪʃn] n. ① 交流,交际 ② 通信,交通联系 ③ 信息,书信,电话
[记]   communicate（交流；通信）+ -ion（名词后缀）→交流；通信
[例]   Gestures comprise a major form of nonverbal communication. 手势是非语言沟通中很重要的一种形式。
[考]:
communication with 与……的交流
official communication 官方交流
oral communication 口头交流

5.farewell
[ feə'wel] int. 再会,别了 n. 告别 adj. 告别的
[例]n.   They waved farewell to their friends on board. 他们对船上的朋友挥手告别。
[例]int. Farewell until we meet again！（下次再见！）
[例]adj. She had a fervent[ˈfɜːrvənt] farewell speech.（她发表了热情的告别演说。）

6.tomb
[tuːm] n. 坟墓,冢 vt. 挖掘
[例]   Those dead soldiers were buried in the tombs.

7.pyramid
['pɪrəmɪd] n. 金字塔  vt.使...渐增,使...上涨成金字塔状  vi.渐增,上涨,成金字塔状
[例]   There rose before us the great pyramid of Giza. 雄伟的吉萨金字塔矗立在我们面前。

8.grave
[ɡreɪv] n.死亡,坟墓,墓穴  adj.① 严肃的,庄重的② 严重的,重大的
[例]   The situation poses a grave threat to world peace. 这一局势对世界和平构成了严重的威胁。
[注]:
poses  英[ˈpəʊzɪz] 美[ˈpoʊzɪz]
v. 造成(威胁、问题等); 引起; 产生; 提问; 质询; (为画像、摄影) 摆好姿势;

9.gravity
['ɡrævəti] n. ① 重力,引力 ② 严肃,庄重
[例]   Anything with strong gravity attracts other things to it. 任何有较强重力的物体都会对其他物体产生引力。
[注]:
attracts 英[əˈtrækts] 美[əˈtrækts] v. 吸引, 使喜爱, 引起…的好感(或爱慕), 招引, 引起(反应)
-ion主要加在动词或动词词根上,构成名词,表示有关的行为
-ity只与形容词或形容词词根相缀合，构成名词，表示具有某种特征的状态、性质或事实，其意思相当于the condition,quality or fact of being~

10.moan
[məʊn] n.① 呻吟声② 悲叹声,牢骚  v.① 呻吟② 悲叹,抱怨
[考]   moan about 就……呻吟；抱怨……
[例]   Suddenly he began to moan in his sleep.他在睡梦中突然开始呻吟。

11.groan
[ɡrəʊn] v./n. 呻吟,抱怨
[考]   groan about 抱怨……
[例]   The people groan under the burden of taxes.人民在重税下抱怨不已。
[注]:
moan & groan: moan比groan更广泛的用作抱怨
Moaning from pain, is more like when someone is experiencing pain which isn't likely to go away, whereas groaning is more of a grunting noise from a sudden, sharper pain.

12.complain
[kəm'pleɪn] v. ① 抱怨② 申诉,投诉
[考]   complain about/of 抱怨；投诉

13.murmur
['mɜːmə] v./n. ① 小声说（话）② 小声抱怨,咕哝
[考]   murmur about/against/at 抱怨……
[例]   There was a murmur of conversation in the room. 屋里传来一阵小声的谈话声。

14.gossip
['ɡɒsɪp] n. ① 流言蜚语② 说长道短的人 vi. 传播流言蜚语,说长道短
[例]   There has been much gossip in political circles. 政界里有许多流言蜚语。
[注]:
political 英[pəˈlɪtɪkl] 美[pəˈlɪtɪkl]
adj. 政治的, 政府的, 政权的, 政党的, 党派的, 关心政治的, 政治上活跃的

15.rumo(u)r
['ruːmə] n. 传闻,谣言
[例]   Rumor has it that we’ll have a new manager soon. 有传闻说我们不久就要来一位新经理。

16.judg(e)ment
['dʒʌdʒmənt] n. ① 判断,判断力② 审判,判决
[记]   judg(e)（判断；审判）+ -ment（名词后缀）→判断；审判
[考]   judgement of/about/on 对……的评价
[例]   We are waiting for a judgment from the Supreme Court. 我们正在等待最高法院的判决。
[注]:
supreme 英[suːˈpriːm] 美[suːˈpriːm]
adj. (级别或地位) 最高的，至高无上的; (程度) 很大的，最大的;














